  Bullet.cpp
  CreateBackground.cpp
C:\Users\punit\source\repos\Zombie_Shooter\CreateBackground.cpp(21,64): warning C4244: 'argument': conversion from 'int' to 'T', possible loss of data
          with
          [
              T=float
          ]
C:\Users\punit\source\repos\Zombie_Shooter\CreateBackground.cpp(21,49): warning C4244: 'argument': conversion from 'int' to 'T', possible loss of data
          with
          [
              T=float
          ]
C:\Users\punit\source\repos\Zombie_Shooter\CreateBackground.cpp(23,76): warning C4244: 'argument': conversion from 'int' to 'T', possible loss of data
          with
          [
              T=float
          ]
C:\Users\punit\source\repos\Zombie_Shooter\CreateBackground.cpp(23,61): warning C4244: 'argument': conversion from 'int' to 'T', possible loss of data
          with
          [
              T=float
          ]
C:\Users\punit\source\repos\Zombie_Shooter\CreateBackground.cpp(25,88): warning C4244: 'argument': conversion from 'int' to 'T', possible loss of data
          with
          [
              T=float
          ]
C:\Users\punit\source\repos\Zombie_Shooter\CreateBackground.cpp(25,61): warning C4244: 'argument': conversion from 'int' to 'T', possible loss of data
          with
          [
              T=float
          ]
C:\Users\punit\source\repos\Zombie_Shooter\CreateBackground.cpp(27,76): warning C4244: 'argument': conversion from 'int' to 'T', possible loss of data
          with
          [
              T=float
          ]
C:\Users\punit\source\repos\Zombie_Shooter\CreateBackground.cpp(27,49): warning C4244: 'argument': conversion from 'int' to 'T', possible loss of data
          with
          [
              T=float
          ]
C:\Users\punit\source\repos\Zombie_Shooter\CreateBackground.cpp(49,54): warning C4244: 'argument': conversion from 'int' to 'T', possible loss of data
          with
          [
              T=float
          ]
C:\Users\punit\source\repos\Zombie_Shooter\CreateBackground.cpp(51,62): warning C4244: 'argument': conversion from 'int' to 'T', possible loss of data
          with
          [
              T=float
          ]
C:\Users\punit\source\repos\Zombie_Shooter\CreateBackground.cpp(53,70): warning C4244: 'argument': conversion from 'int' to 'T', possible loss of data
          with
          [
              T=float
          ]
C:\Users\punit\source\repos\Zombie_Shooter\CreateBackground.cpp(55,62): warning C4244: 'argument': conversion from 'int' to 'T', possible loss of data
          with
          [
              T=float
          ]
  CreateHorde.cpp
C:\Users\punit\source\repos\Zombie_Shooter\CreateHorde.cpp(24,8): warning C4244: '=': conversion from 'int' to 'float', possible loss of data
C:\Users\punit\source\repos\Zombie_Shooter\CreateHorde.cpp(25,24): warning C4244: '=': conversion from 'int' to 'float', possible loss of data
C:\Users\punit\source\repos\Zombie_Shooter\CreateHorde.cpp(29,8): warning C4244: '=': conversion from 'int' to 'float', possible loss of data
C:\Users\punit\source\repos\Zombie_Shooter\CreateHorde.cpp(30,24): warning C4244: '=': conversion from 'int' to 'float', possible loss of data
C:\Users\punit\source\repos\Zombie_Shooter\CreateHorde.cpp(34,24): warning C4244: '=': conversion from 'int' to 'float', possible loss of data
C:\Users\punit\source\repos\Zombie_Shooter\CreateHorde.cpp(35,8): warning C4244: '=': conversion from 'int' to 'float', possible loss of data
C:\Users\punit\source\repos\Zombie_Shooter\CreateHorde.cpp(39,24): warning C4244: '=': conversion from 'int' to 'float', possible loss of data
C:\Users\punit\source\repos\Zombie_Shooter\CreateHorde.cpp(40,8): warning C4244: '=': conversion from 'int' to 'float', possible loss of data
  Pickup.cpp
C:\Users\punit\source\repos\Zombie_Shooter\Pickup.cpp(17,20): warning C4244: '=': conversion from 'const int' to 'float', possible loss of data
C:\Users\punit\source\repos\Zombie_Shooter\Pickup.cpp(18,20): warning C4244: '=': conversion from 'const int' to 'float', possible loss of data
C:\Users\punit\source\repos\Zombie_Shooter\Pickup.cpp(39,33): warning C4244: 'argument': conversion from 'int' to 'float', possible loss of data
C:\Users\punit\source\repos\Zombie_Shooter\Pickup.cpp(39,25): warning C4244: 'argument': conversion from 'int' to 'float', possible loss of data
C:\Users\punit\source\repos\Zombie_Shooter\Pickup.cpp(83,39): warning C4244: '+=': conversion from 'double' to 'int', possible loss of data
C:\Users\punit\source\repos\Zombie_Shooter\Pickup.cpp(86,37): warning C4244: '+=': conversion from 'double' to 'int', possible loss of data
  Player.cpp
C:\Users\punit\source\repos\Zombie_Shooter\Player.cpp(6,13): warning C4244: '=': conversion from 'const float' to 'int', possible loss of data
C:\Users\punit\source\repos\Zombie_Shooter\Player.cpp(7,16): warning C4244: '=': conversion from 'const float' to 'int', possible loss of data
C:\Users\punit\source\repos\Zombie_Shooter\Player.cpp(15,29): warning C4244: '=': conversion from 'int' to 'T', possible loss of data
          with
          [
              T=float
          ]
C:\Users\punit\source\repos\Zombie_Shooter\Player.cpp(16,30): warning C4244: '=': conversion from 'int' to 'T', possible loss of data
          with
          [
              T=float
          ]
C:\Users\punit\source\repos\Zombie_Shooter\Player.cpp(31,13): warning C4244: '=': conversion from 'const float' to 'int', possible loss of data
C:\Users\punit\source\repos\Zombie_Shooter\Player.cpp(32,16): warning C4244: '=': conversion from 'const float' to 'int', possible loss of data
C:\Users\punit\source\repos\Zombie_Shooter\Player.cpp(121,32): warning C4244: '=': conversion from 'int' to 'T', possible loss of data
          with
          [
              T=float
          ]
C:\Users\punit\source\repos\Zombie_Shooter\Player.cpp(124,31): warning C4244: '=': conversion from 'int' to 'T', possible loss of data
          with
          [
              T=float
          ]
C:\Users\punit\source\repos\Zombie_Shooter\Player.cpp(127,33): warning C4244: '=': conversion from 'int' to 'T', possible loss of data
          with
          [
              T=float
          ]
C:\Users\punit\source\repos\Zombie_Shooter\Player.cpp(130,30): warning C4244: '=': conversion from 'int' to 'T', possible loss of data
          with
          [
              T=float
          ]
C:\Users\punit\source\repos\Zombie_Shooter\Player.cpp(133,14): warning C4244: 'initializing': conversion from 'double' to 'float', possible loss of data
C:\Users\punit\source\repos\Zombie_Shooter\Player.cpp(139,31): warning C4244: '+=': conversion from 'double' to 'float', possible loss of data
C:\Users\punit\source\repos\Zombie_Shooter\Player.cpp(144,32): warning C4244: '+=': conversion from 'float' to 'int', possible loss of data
  TextureHolder.cpp
  Zombie.cpp
C:\Users\punit\source\repos\Zombie_Shooter\Zombie.cpp(41,17): warning C4244: 'initializing': conversion from 'int' to 'float', possible loss of data
C:\Users\punit\source\repos\Zombie_Shooter\Zombie.cpp(99,21): warning C4244: 'initializing': conversion from 'double' to 'float', possible loss of data
  Zombie_Shooter.cpp
C:\Users\punit\source\repos\Zombie_Shooter\Zombie_Shooter.cpp(22,44): warning C4244: '=': conversion from 'unsigned int' to 'T', possible loss of data
          with
          [
              T=float
          ]
C:\Users\punit\source\repos\Zombie_Shooter\Zombie_Shooter.cpp(23,44): warning C4244: '=': conversion from 'unsigned int' to 'T', possible loss of data
          with
          [
              T=float
          ]
C:\Users\punit\source\repos\Zombie_Shooter\Zombie_Shooter.cpp(27,55): warning C4244: 'argument': conversion from 'T' to 'unsigned int', possible loss of data
          with
          [
              T=float
          ]
C:\Users\punit\source\repos\Zombie_Shooter\Zombie_Shooter.cpp(27,42): warning C4244: 'argument': conversion from 'T' to 'unsigned int', possible loss of data
          with
          [
              T=float
          ]
C:\Users\punit\source\repos\Zombie_Shooter\Zombie_Shooter.cpp(94,33): warning C4244: 'argument': conversion from 'float' to 'unsigned int', possible loss of data
C:\Users\punit\source\repos\Zombie_Shooter\Zombie_Shooter.cpp(102,35): warning C4244: 'argument': conversion from 'float' to 'unsigned int', possible loss of data
C:\Users\punit\source\repos\Zombie_Shooter\Zombie_Shooter.cpp(110,33): warning C4244: 'argument': conversion from 'float' to 'unsigned int', possible loss of data
C:\Users\punit\source\repos\Zombie_Shooter\Zombie_Shooter.cpp(125,30): warning C4244: 'argument': conversion from 'float' to 'unsigned int', possible loss of data
C:\Users\punit\source\repos\Zombie_Shooter\Zombie_Shooter.cpp(132,31): warning C4244: 'argument': conversion from 'float' to 'unsigned int', possible loss of data
C:\Users\punit\source\repos\Zombie_Shooter\Zombie_Shooter.cpp(155,42): warning C4244: 'argument': conversion from 'float' to 'unsigned int', possible loss of data
C:\Users\punit\source\repos\Zombie_Shooter\Zombie_Shooter.cpp(164,36): warning C4244: 'argument': conversion from 'float' to 'unsigned int', possible loss of data
C:\Users\punit\source\repos\Zombie_Shooter\Zombie_Shooter.cpp(177,55): warning C4244: 'argument': conversion from 'int' to 'T', possible loss of data
          with
          [
              T=float
          ]
C:\Users\punit\source\repos\Zombie_Shooter\Zombie_Shooter.cpp(514,50): warning C4244: 'argument': conversion from 'int' to 'T', possible loss of data
          with
          [
              T=float
          ]
  Generating code
  Previous IPDB not found, fall back to full compilation.
  All 377 functions were compiled because no usable IPDB/IOBJ from previous compilation was found.
  Finished generating code
  Zombie_Shooter.vcxproj -> C:\Users\punit\source\repos\Zombie_Shooter\Release\Zombie_Shooter.exe
